INFO  2023-12-28 10:44:59[restartedMain] [org.springframework.boot.StartupInfoLogger] [PlayWorldApplication:50] - Starting PlayWorldApplication using Java 17.0.8 with PID 28412 (C:\intellij_workplace\playWorld\out\production\classes started by chan in C:\intellij_workplace\playWorld)
INFO  2023-12-28 10:44:59[restartedMain] [org.springframework.boot.SpringApplication] [PlayWorldApplication:659] - The following 2 profiles are active: "private", "dev"
INFO  2023-12-28 10:45:00[restartedMain] [org.springframework.boot.logging.DeferredLog] [DevToolsPropertyDefaultsPostProcessor:252] - Devtools property defaults active! Set 'spring.devtools.add-properties' to 'false' to disable
INFO  2023-12-28 10:45:00[restartedMain] [org.springframework.boot.logging.DeferredLog] [DevToolsPropertyDefaultsPostProcessor:252] - For additional web related logging consider setting the 'logging.level.web' property to 'DEBUG'
INFO  2023-12-28 10:45:00[restartedMain] [org.springframework.data.repository.config.RepositoryConfigurationDelegate] [RepositoryConfigurationDelegate:139] - Bootstrapping Spring Data JPA repositories in DEFAULT mode.
INFO  2023-12-28 10:45:01[restartedMain] [org.springframework.data.repository.config.RepositoryConfigurationDelegate] [RepositoryConfigurationDelegate:208] - Finished Spring Data repository scanning in 165 ms. Found 2 JPA repository interfaces.
INFO  2023-12-28 10:45:02[restartedMain] [org.springframework.boot.web.embedded.tomcat.TomcatWebServer] [TomcatWebServer:108] - Tomcat initialized with port 8080 (http)
INFO  2023-12-28 10:45:02[restartedMain] [org.apache.juli.logging.DirectJDKLog] [Http11NioProtocol:173] - Initializing ProtocolHandler ["http-nio-8080"]
INFO  2023-12-28 10:45:02[restartedMain] [org.apache.juli.logging.DirectJDKLog] [StandardService:173] - Starting service [Tomcat]
INFO  2023-12-28 10:45:02[restartedMain] [org.apache.juli.logging.DirectJDKLog] [StandardEngine:173] - Starting Servlet engine: [Apache Tomcat/10.1.16]
INFO  2023-12-28 10:45:02[restartedMain] [org.apache.juli.logging.DirectJDKLog] [[/]:173] - Initializing Spring embedded WebApplicationContext
INFO  2023-12-28 10:45:02[restartedMain] [org.springframework.boot.web.servlet.context.ServletWebServerApplicationContext] [ServletWebServerApplicationContext:296] - Root WebApplicationContext: initialization completed in 2100 ms
INFO  2023-12-28 10:45:02[restartedMain] [com.zaxxer.hikari.HikariDataSource] [HikariDataSource:110] - HikariPool-1 - Starting...
INFO  2023-12-28 10:45:02[restartedMain] [com.zaxxer.hikari.pool.HikariPool] [HikariPool:565] - HikariPool-1 - Added connection conn0: url=jdbc:h2:file:C:/intellij_workplace/playWorld/h2data user=SA
INFO  2023-12-28 10:45:02[restartedMain] [com.zaxxer.hikari.HikariDataSource] [HikariDataSource:123] - HikariPool-1 - Start completed.
INFO  2023-12-28 10:45:02[restartedMain] [org.springframework.boot.autoconfigure.h2.H2ConsoleAutoConfiguration] [H2ConsoleAutoConfiguration:88] - H2 console available at '/h2-console'. Database available at 'jdbc:h2:file:C:/intellij_workplace/playWorld/h2data'
INFO  2023-12-28 10:45:02[restartedMain] [org.hibernate.jpa.internal.util.LogHelper] [LogHelper:31] - HHH000204: Processing PersistenceUnitInfo [name: default]
INFO  2023-12-28 10:45:02[restartedMain] [org.hibernate.Version] [Version:44] - HHH000412: Hibernate ORM core version 6.3.1.Final
INFO  2023-12-28 10:45:02[restartedMain] [org.hibernate.cache.internal.RegionFactoryInitiator] [RegionFactoryInitiator:50] - HHH000026: Second-level cache disabled
INFO  2023-12-28 10:45:03[restartedMain] [org.springframework.orm.jpa.persistenceunit.SpringPersistenceUnitInfo] [SpringPersistenceUnitInfo:87] - No LoadTimeWeaver setup: ignoring JPA class transformer
WARN  2023-12-28 10:45:03[restartedMain] [org.hibernate.engine.jdbc.dialect.internal.DialectFactoryImpl] [deprecation:152] - HHH90000025: H2Dialect does not need to be specified explicitly using 'hibernate.dialect' (remove the property setting and it will be selected by default)
INFO  2023-12-28 10:45:04[restartedMain] [org.hibernate.engine.transaction.jta.platform.internal.JtaPlatformInitiator] [JtaPlatformInitiator:58] - HHH000489: No JTA platform available (set 'hibernate.transaction.jta.platform' to enable JTA platform integration)
INFO  2023-12-28 10:45:04[restartedMain] [org.springframework.orm.jpa.AbstractEntityManagerFactoryBean] [LocalContainerEntityManagerFactoryBean:437] - Initialized JPA EntityManagerFactory for persistence unit 'default'
WARN  2023-12-28 10:45:04[restartedMain] [org.springframework.boot.autoconfigure.orm.jpa.JpaBaseConfiguration$JpaWebConfiguration] [JpaBaseConfiguration$JpaWebConfiguration:232] - spring.jpa.open-in-view is enabled by default. Therefore, database queries may be performed during view rendering. Explicitly configure spring.jpa.open-in-view to disable this warning
INFO  2023-12-28 10:45:05[restartedMain] [org.springframework.boot.autoconfigure.web.servlet.WelcomePageHandlerMapping] [WelcomePageHandlerMapping:59] - Adding welcome page template: index
INFO  2023-12-28 10:45:05[restartedMain] [org.springframework.security.web.DefaultSecurityFilterChain] [DefaultSecurityFilterChain:54] - Will secure any request with [org.springframework.security.web.session.DisableEncodeUrlFilter@6e22673a, org.springframework.security.web.context.request.async.WebAsyncManagerIntegrationFilter@430e4a79, org.springframework.security.web.context.SecurityContextHolderFilter@2d0b7514, org.springframework.security.web.header.HeaderWriterFilter@6083fee2, org.springframework.web.filter.CorsFilter@2b361729, org.springframework.security.web.authentication.logout.LogoutFilter@7c1a0db5, com.example.playWorld.token.JwtAuthenticationFilter@12b3abbd, org.springframework.security.web.savedrequest.RequestCacheAwareFilter@122a9543, org.springframework.security.web.servletapi.SecurityContextHolderAwareRequestFilter@371196d8, org.springframework.security.web.authentication.AnonymousAuthenticationFilter@6f551566, org.springframework.security.web.session.SessionManagementFilter@75b99305, org.springframework.security.web.access.ExceptionTranslationFilter@6e1db18d, org.springframework.security.web.access.intercept.AuthorizationFilter@6d880136]
INFO  2023-12-28 10:45:05[restartedMain] [org.springframework.boot.devtools.autoconfigure.OptionalLiveReloadServer] [OptionalLiveReloadServer:59] - LiveReload server is running on port 35729
INFO  2023-12-28 10:45:05[restartedMain] [org.apache.juli.logging.DirectJDKLog] [Http11NioProtocol:173] - Starting ProtocolHandler ["http-nio-8080"]
INFO  2023-12-28 10:45:05[restartedMain] [org.springframework.boot.web.embedded.tomcat.TomcatWebServer] [TomcatWebServer:221] - Tomcat started on port 8080 (http) with context path ''
INFO  2023-12-28 10:45:05[restartedMain] [org.springframework.boot.StartupInfoLogger] [PlayWorldApplication:56] - Started PlayWorldApplication in 6.528 seconds (process running for 7.054)
